<?xml version="1.0" encoding="UTF-8"?>
<testng-results ignored="1" total="2" passed="1" failed="0" skipped="0">
  <reporter-output>
  </reporter-output>
  <suite started-at="2025-05-20T05:20:26Z" name="Default suite" finished-at="2025-05-20T05:20:36Z" duration-ms="9378">
    <groups>
    </groups>
    <test started-at="2025-05-20T05:20:26Z" name="Default test" finished-at="2025-05-20T05:20:36Z" duration-ms="9378">
      <class name="login.LoginTest">
        <test-method is-config="true" signature="setUp()[pri:0, instance:login.LoginTest@1f53a5dc]" started-at="2025-05-20T05:20:26Z" name="setUp" finished-at="2025-05-20T05:20:35Z" duration-ms="8957" status="PASS">
          <reporter-output>
          </reporter-output>
        </test-method> <!-- setUp -->
        <test-method signature="lastname()[pri:0, instance:login.LoginTest@1f53a5dc]" started-at="2025-05-20T05:20:35Z" name="lastname" finished-at="2025-05-20T05:20:36Z" duration-ms="348" status="PASS">
          <reporter-output>
          </reporter-output>
        </test-method> <!-- lastname -->
      </class> <!-- login.LoginTest -->
    </test> <!-- Default test -->
  </suite> <!-- Default suite -->
</testng-results>
